2024-02-20 09:08:50 error: [object Object]
2024-02-20 09:08:50 error: GET / 500 9ms
2024-02-20 11:26:19 error: [object Object]
2024-02-20 11:26:19 error: GET / 500 14ms
2024-02-20 11:28:12 error: [object Object]
2024-02-20 11:28:12 error: GET / 500 11ms
2024-02-20 18:14:33 error: POST /api/login 500 4ms
2024-02-20 18:18:52 error: POST /api/login 500 10ms
2024-02-20 22:59:31 error: [object Object]
2024-02-20 22:59:31 error: POST /api/auth/google 500 8ms
2024-02-20 23:19:43 error: [object Object]
2024-02-20 23:19:43 error: GET / 500 7ms
2024-02-20 23:20:20 error: [object Object]
2024-02-20 23:20:20 error: GET / 500 3ms
2024-02-20 23:20:28 error: [object Object]
2024-02-20 23:20:28 error: GET / 500 3ms
2024-02-20 23:22:31 error: [object Object]
2024-02-20 23:22:31 error: GET / 500 7ms
2024-02-20 23:23:41 error: [object Object]
2024-02-20 23:23:41 error: GET / 500 7ms
2024-02-20 23:32:11 error: undefined
2024-02-20 23:32:11 error: [object Object]
2024-02-20 23:32:11 error: GET / 500 7ms
2024-02-20 23:33:16 error: undefined
2024-02-20 23:33:16 error: [object Object]
2024-02-20 23:33:16 error: GET / 500 6ms
2024-02-20 23:33:43 error: [object Object]
2024-02-20 23:33:43 error: GET / 500 7ms
2024-02-20 23:34:51 error: [object Object]
2024-02-20 23:34:51 error: GET / 500 7ms
2024-02-20 23:36:04 error: [object Object]
2024-02-20 23:36:04 error: GET / 500 3ms
2024-02-20 23:40:29 error: [object Object]
2024-02-20 23:40:29 error: GET / 500 7ms
2024-02-20 23:40:37 error: [object Object]
2024-02-20 23:40:37 error: GET / 500 2ms
2024-02-20 23:40:44 error: [object Object]
2024-02-20 23:40:44 error: GET / 500 3ms
2024-02-20 23:40:52 error: [object Object]
2024-02-20 23:40:52 error: GET / 500 3ms
2024-02-20 23:42:17 error: [object Object]
2024-02-20 23:42:17 error: GET / 500 2ms
2024-02-20 23:42:39 error: [object Object]
2024-02-20 23:42:39 error: GET / 500 6ms
2024-02-20 23:44:22 error: [object Object]
2024-02-20 23:44:22 error: GET / 500 6ms
2024-02-20 23:46:07 error: [object Object]
2024-02-20 23:46:07 error: GET / 500 7ms
2024-02-20 23:50:08 error: [object Object]
2024-02-20 23:50:08 error: GET / 500 3ms
2024-02-20 23:50:23 error: [object Object]
2024-02-20 23:50:23 error: GET / 500 2ms
2024-02-20 23:52:07 error: [object Object]
2024-02-20 23:52:07 error: GET / 500 3ms
2024-02-20 23:52:36 error: [object Object]
2024-02-20 23:52:36 error: GET / 500 3ms
2024-02-20 23:54:15 error: [object Object]
2024-02-20 23:54:15 error: GET / 500 2ms
2024-02-20 23:54:42 error: [object Object]
2024-02-20 23:54:42 error: GET / 500 2ms
2024-02-20 23:56:45 error: [object Object]
2024-02-20 23:56:45 error: GET / 500 6ms
2024-02-20 23:58:48 error: [object Object]
2024-02-20 23:58:48 error: GET / 500 5ms
2024-02-21 00:00:02 error: [object Object]
2024-02-21 00:00:02 error: GET / 500 5ms
2024-02-21 00:17:14 error: [object Object]
2024-02-21 00:17:14 error: GET / 500 5ms
2024-02-21 00:37:39 error: [object Object]
2024-02-21 00:37:39 error: GET / 500 5ms
2024-02-21 00:53:01 error: [object Object]
2024-02-21 00:53:01 error: GET / 500 6ms
2024-02-21 00:56:52 error: [object Object]
2024-02-21 00:56:52 error: GET / 500 7ms
2024-02-21 00:59:14 error: [object Object]
2024-02-21 00:59:14 error: GET / 500 6ms
2024-02-21 01:01:14 error: [object Object]
2024-02-21 01:01:14 error: GET / 500 3ms
2024-02-21 01:01:51 error: [object Object]
2024-02-21 01:01:51 error: GET / 500 3ms
2024-02-21 01:03:17 error: [object Object]
2024-02-21 01:03:17 error: GET / 500 7ms
2024-02-21 20:16:22 error: [object Object]
2024-02-21 20:16:22 error: GET /api/disable/user 500 214ms
2024-02-21 17:38:29 error: undefined
2024-02-21 17:38:50 error: undefined
2024-02-21 17:59:25 error: undefined
2024-02-21 18:01:21 error: undefined
2024-02-22 00:36:57 error: [object Object]
2024-02-22 00:36:57 error: GET /api/forgot/password?email=mateogarzon1002@gmail.com&password=$2b$11$frSBaSUZMdJhr05MPIpOJOxaan0cDkI2peKEi6bBOuXnBAt6CZ/JS 500 9ms
2024-02-22 00:39:36 error: [object Object]
2024-02-22 00:39:36 error: GET /api/forgot/password?email=mateogarzon1002@gmail.com&password=$2b$11$1PzTnwc6hMC1W3qP9cExUudI/7bPeqiN7AxHjWUC6Y88CybzlzvJa 500 7ms
2024-02-22 00:41:46 error: [object Object]
2024-02-22 00:41:46 error: GET /api/forgot/password?email=mateogarzon1002@gmail.com&password=482643 500 6ms
2024-02-22 00:42:42 error: [object Object]
2024-02-22 00:42:42 error: GET /api/forgot/password?email=mateogarzon1002@gmail.com&password=535873 500 3ms
2024-02-22 00:43:46 error: [object Object]
2024-02-22 00:43:46 error: GET /api/forgot/password?email=mateogarzon1002@gmail.com&password=896532 500 7ms
2024-02-22 00:50:30 error: [object Object]
2024-02-22 00:50:30 error: GET /api/forgot/password?email=mateogarzon1002@gmail.com&password=597921 500 7ms
2024-02-22 15:16:23 error: POST /api/postProduct 500 29ms
2024-02-22 17:11:02 error: [object Object]
2024-02-22 17:11:02 error: PATCH /api/update/user/4a30d5e7-5a78-4347-98e6-4e1662abeaf6 500 93ms
2024-02-22 17:13:39 error: [object Object]
2024-02-22 17:13:39 error: PATCH /api/update/user/4a30d5e7-5a78-4347-98e6-4e1662abeaf6 500 100ms
2024-02-22 17:13:42 error: [object Object]
2024-02-22 17:13:42 error: PATCH /api/update/user/4a30d5e7-5a78-4347-98e6-4e1662abeaf6 500 11ms
2024-02-22 17:18:18 error: [object Object]
2024-02-22 17:18:18 error: PATCH /api/update/user/4a30d5e7-5a78-4347-98e6-4e1662abeaf6 500 107ms
2024-02-22 17:37:54 error: [object Object]
2024-02-22 17:37:54 error: PATCH /api/update/user/4a30d5e7-5a78-4347-98e6-4e1662abeaf6 500 48ms

<<<<<<< Updated upstream
2024-02-23 15:34:45 error: [object Object]
2024-02-23 15:34:45 error: DELETE /api/productLogic/a0e5d80a-4066-4c06-b8e8-b0e846743b27 500 15ms
2024-02-23 15:41:48 error: [object Object]
2024-02-23 15:41:48 error: DELETE /api/productLogic/a0e5d80a-4066-4c06-b8e8-b0e846743b27 500 17ms
=======
2024-02-22 21:27:27 error: POST /api/postProduct 500 3ms
2024-02-22 21:30:10 error: POST /api/postProduct 500 1ms
2024-02-22 21:30:26 error: POST /api/postProduct 500 1ms
2024-02-22 21:30:58 error: POST /api/postProduct 500 4ms
2024-02-22 21:31:18 error: POST /api/postProduct 500 5ms
2024-02-22 21:32:14 error: POST /api/postProduct 500 5ms
2024-02-22 21:33:31 error: POST /api/postProduct 500 1ms
2024-02-22 21:34:31 error: POST /api/postProduct 500 1ms
2024-02-22 21:36:10 error: POST /api/postProduct 500 70ms
2024-02-22 22:29:56 error: POST /api/proveedor 500 2ms
2024-02-22 22:30:29 error: POST /api/proveedor 500 5ms
2024-02-22 22:33:54 error: POST /api/proveedor 500 5ms
2024-02-22 22:34:22 error: POST /api/proveedor 500 5ms
2024-02-22 22:36:25 error: POST /api/proveedor 500 5ms
2024-02-22 22:56:47 error: POST /api/proveedor 500 4ms
2024-02-22 22:57:23 error: POST /api/proveedor 500 6ms
2024-02-22 22:59:21 error: POST /api/proveedor 500 4ms
2024-02-22 22:59:52 error: POST /api/proveedor 500 4ms
2024-02-22 23:00:18 error: POST /api/proveedor 500 3ms
2024-02-22 23:00:52 error: POST /api/proveedor 500 6ms
2024-02-22 23:01:15 error: POST /api/proveedor 500 4ms
2024-02-22 23:04:49 error: POST /api/proveedor 500 4ms
2024-02-22 23:05:19 error: POST /api/proveedor 500 4ms
2024-02-22 23:05:32 error: POST /api/proveedor 500 5ms
2024-02-22 23:06:12 error: POST /api/proveedor 500 4ms
2024-02-22 23:06:24 error: POST /api/proveedor 500 1ms
2024-02-22 23:06:34 error: POST /api/proveedor 500 4ms
2024-02-22 23:06:50 error: POST /api/proveedor 500 6ms
2024-02-22 23:07:04 error: POST /api/proveedor 500 5ms
2024-02-22 23:07:17 error: POST /api/proveedor 500 4ms
2024-02-22 23:07:58 error: POST /api/proveedor 500 3ms
2024-02-22 23:08:24 error: POST /api/proveedor 500 4ms
2024-02-22 23:08:44 error: POST /api/proveedor 500 4ms
2024-02-22 23:09:18 error: POST /api/proveedor 500 4ms
2024-02-22 23:09:40 error: POST /api/proveedor 500 4ms
2024-02-22 23:10:13 error: POST /api/proveedor 500 4ms
2024-02-22 23:11:28 error: POST /api/proveedor 500 689ms
2024-02-22 23:13:12 error: POST /api/proveedor 500 6ms
2024-02-23 00:34:09 error: POST /api/proveedor 500 44ms
2024-02-23 00:37:44 error: POST /api/proveedor 500 36ms
2024-02-23 00:40:00 error: POST /api/proveedor 500 139ms
2024-02-23 00:43:35 error: POST /api/proveedor 500 1834ms
2024-02-23 00:54:27 error: POST /api/proveedor 500 34ms
2024-02-23 00:55:01 error: POST /api/proveedor 500 34ms
2024-02-23 00:55:13 error: POST /api/proveedor 500 34ms
2024-02-23 00:55:31 error: POST /api/proveedor 500 137ms
2024-02-23 00:55:44 error: POST /api/proveedor 500 34ms
2024-02-23 00:56:31 error: POST /api/proveedor 500 2151ms
2024-02-23 00:58:28 error: POST /api/proveedor 500 3ms
2024-02-23 00:58:56 error: POST /api/proveedor 500 1895ms
2024-02-23 01:14:43 error: [object Object]
2024-02-23 01:14:43 error: GET /api/proveedor/1 500 8ms
2024-02-23 01:15:22 error: GET /api/proveedor/1 500 35ms
2024-02-23 01:21:32 error: GET /api/proveedor?name=ate&name=ate 500 35ms
2024-02-23 01:22:00 error: GET /api/proveedor/?name=ate&name=ate 500 3ms
2024-02-23 01:22:17 error: GET /api/proveedor/:id?name=ate&name=ate 500 2ms
2024-02-23 01:23:01 error: GET /api/proveedor/:id?name=ate&name=ate&name=ate 500 37ms
2024-02-23 01:38:59 error: DELETE /api/proveedor/1 500 34ms
2024-02-23 01:41:09 error: DELETE /api/proveedor/1 500 34ms
2024-02-23 01:42:35 error: DELETE /api/proveedor/2 500 37ms
2024-02-23 01:47:41 error: DELETE /api/proveedor/2 500 2ms
2024-02-23 01:49:30 error: DELETE /api/proveedor/4 500 3ms
2024-02-23 01:49:30 error: DELETE /api/proveedor/4 500 1ms
2024-02-23 01:58:35 error: DELETE /api/proveedor/9 500 3ms
2024-02-23 16:46:31 error: POST /api/proveedor 500 2140ms
2024-02-23 16:49:41 error: DELETE /api/proveedor/1 500 35ms
2024-02-23 16:57:31 error: DELETE /api/proveedor/15 500 34ms
2024-02-23 16:57:34 error: DELETE /api/proveedor/16 500 2ms
2024-02-23 16:58:01 error: POST /api/proveedor 500 2118ms
2024-02-23 17:03:43 error: POST /api/proveedor 500 2246ms
2024-02-23 17:05:11 error: POST /api/proveedor 500 1938ms
2024-02-23 17:06:13 error: POST /api/proveedor 500 1927ms
>>>>>>> Stashed changes
